  소스의 유효성을 검사하는 중
  소스를 'computer.kpu.ac.kr'(으)로 원격으로 복사하는 중
  아키텍처의 유효성을 검사하는 중
  아키텍처의 유효성을 검사하는 중
  원격 빌드를 시작하는 중
  소스를 컴파일하는 중:
  server_main.c
C:\Users\Harim\Desktop\19_NumberBaseBall\server_main.c(109,28): warning : conversion to ‘uint16_t {aka short unsigned int}’ from ‘int’ may alter its value [-Wconversion]
C:\Users\Harim\Desktop\19_NumberBaseBall\server_main.c(109,28): warning :   serv_adr.sin_port = htons(atoi(argv[1]));
C:\Users\Harim\Desktop\19_NumberBaseBall\server_main.c(109,28): warning :                             ^~~~
C:\Users\Harim\Desktop\19_NumberBaseBall\server_main.c(143,30): warning : conversion to ‘char’ from ‘int’ may alter its value [-Wconversion]
C:\Users\Harim\Desktop\19_NumberBaseBall\server_main.c(143,30): warning :    room->name[strlen(name)] = (i + 1) + '0'; // int to char / "matching_room1",...
C:\Users\Harim\Desktop\19_NumberBaseBall\server_main.c(143,30): warning :                               ^
C:\Users\Harim\Desktop\19_NumberBaseBall\server_main.c(168,6): warning : unused variable ‘view_mode’ [-Wunused-variable]
C:\Users\Harim\Desktop\19_NumberBaseBall\server_main.c(168,6): warning :   int view_mode = 1;
C:\Users\Harim\Desktop\19_NumberBaseBall\server_main.c(168,6): warning :       ^~~~~~~~~
C:\Users\Harim\Desktop\19_NumberBaseBall\server_main.c(167,6): warning : unused variable ‘room_num’ [-Wunused-variable]
C:\Users\Harim\Desktop\19_NumberBaseBall\server_main.c(167,6): warning :   int room_num = 0;
C:\Users\Harim\Desktop\19_NumberBaseBall\server_main.c(167,6): warning :       ^~~~~~~~
C:\Users\Harim\Desktop\19_NumberBaseBall\server_main.c(196,24): warning : argument to ‘sizeof’ in ‘memset’ call is the same expression as the destination; did you mean to dereference it? [-Wsizeof-pointer-memaccess]
C:\Users\Harim\Desktop\19_NumberBaseBall\server_main.c(196,24): warning :   memset(user, 0, sizeof(user)); // user init
C:\Users\Harim\Desktop\19_NumberBaseBall\server_main.c(196,24): warning :                         ^
C:\Users\Harim\Desktop\19_NumberBaseBall\server_main.c(199,13): warning : conversion to ‘int’ from ‘ssize_t {aka long int}’ may alter its value [-Wconversion]
C:\Users\Harim\Desktop\19_NumberBaseBall\server_main.c(199,13): warning :    str_len = read(clnt_sock, answer, sizeof(answer));
C:\Users\Harim\Desktop\19_NumberBaseBall\server_main.c(199,13): warning :              ^~~~
C:\Users\Harim\Desktop\19_NumberBaseBall\server_main.c(191,7): warning : unused variable ‘msg’ [-Wunused-variable]
C:\Users\Harim\Desktop\19_NumberBaseBall\server_main.c(191,7): warning :   char msg[BUF_SIZE];
C:\Users\Harim\Desktop\19_NumberBaseBall\server_main.c(191,7): warning :        ^~~
C:\Users\Harim\Desktop\19_NumberBaseBall\server_main.c(238,12): warning : conversion to ‘int’ from ‘ssize_t {aka long int}’ may alter its value [-Wconversion]
C:\Users\Harim\Desktop\19_NumberBaseBall\server_main.c(238,12): warning :   str_len = read(clnt_sock, msg, sizeof(msg));
C:\Users\Harim\Desktop\19_NumberBaseBall\server_main.c(238,12): warning :             ^~~~
C:\Users\Harim\Desktop\19_NumberBaseBall\server_main.c(260,12): warning : conversion to ‘int’ from ‘ssize_t {aka long int}’ may alter its value [-Wconversion]
C:\Users\Harim\Desktop\19_NumberBaseBall\server_main.c(260,12): warning :   str_len = write(clnt_sock, answer, strlen(answer));
C:\Users\Harim\Desktop\19_NumberBaseBall\server_main.c(260,12): warning :             ^~~~~
C:\Users\Harim\Desktop\19_NumberBaseBall\server_main.c(284,12): warning : conversion to ‘int’ from ‘ssize_t {aka long int}’ may alter its value [-Wconversion]
C:\Users\Harim\Desktop\19_NumberBaseBall\server_main.c(284,12): warning :   str_len = read(clnt_sock, msg, sizeof(msg));
C:\Users\Harim\Desktop\19_NumberBaseBall\server_main.c(284,12): warning :             ^~~~
C:\Users\Harim\Desktop\19_NumberBaseBall\server_main.c(308,12): warning : conversion to ‘int’ from ‘ssize_t {aka long int}’ may alter its value [-Wconversion]
C:\Users\Harim\Desktop\19_NumberBaseBall\server_main.c(308,12): warning :   str_len = write(clnt_sock, answer, strlen(answer));
C:\Users\Harim\Desktop\19_NumberBaseBall\server_main.c(308,12): warning :             ^~~~~
C:\Users\Harim\Desktop\19_NumberBaseBall\server_main.c(322,13): warning : conversion to ‘int’ from ‘ssize_t {aka long int}’ may alter its value [-Wconversion]
C:\Users\Harim\Desktop\19_NumberBaseBall\server_main.c(322,13): warning :    str_len = read(clnt_sock, answer, sizeof(answer));
C:\Users\Harim\Desktop\19_NumberBaseBall\server_main.c(322,13): warning :              ^~~~
C:\Users\Harim\Desktop\19_NumberBaseBall\server_main.c(365,3): warning : implicit declaration of function ‘start_game’; did you mean ‘strftime’? [-Wimplicit-function-declaration]
C:\Users\Harim\Desktop\19_NumberBaseBall\server_main.c(365,3): warning :    start_game(room);
C:\Users\Harim\Desktop\19_NumberBaseBall\server_main.c(365,3): warning :    ^~~~~~~~~~
C:\Users\Harim\Desktop\19_NumberBaseBall\server_main.c(365,3): warning :    strftime
C:\Users\Harim\Desktop\19_NumberBaseBall\server_main.c(386,20): warning : conversion to ‘int’ from ‘ssize_t {aka long int}’ may alter its value [-Wconversion]
C:\Users\Harim\Desktop\19_NumberBaseBall\server_main.c(386,20): warning :   while ((str_len = read(clnt_sock, msg, sizeof(msg))) != 0) {
C:\Users\Harim\Desktop\19_NumberBaseBall\server_main.c(386,20): warning :                     ^~~~
C:\Users\Harim\Desktop\19_NumberBaseBall\server_main.c(399,15): warning : conversion to ‘int’ from ‘ssize_t {aka long int}’ may alter its value [-Wconversion]
C:\Users\Harim\Desktop\19_NumberBaseBall\server_main.c(399,15): warning :      str_len = write(clnt_sock, "/Q\n", sizeof("/Q\n"));
C:\Users\Harim\Desktop\19_NumberBaseBall\server_main.c(399,15): warning :                ^~~~~
C:\Users\Harim\Desktop\19_NumberBaseBall\server_main.c(425,46): warning : conversion to ‘size_t {aka long unsigned int}’ from ‘int’ may change the sign of the result [-Wsign-conversion]
C:\Users\Harim\Desktop\19_NumberBaseBall\server_main.c(425,46): warning :      str_len = write(room->clnt_sock[1], msg, str_len);
C:\Users\Harim\Desktop\19_NumberBaseBall\server_main.c(425,46): warning :                                               ^~~~~~~
C:\Users\Harim\Desktop\19_NumberBaseBall\server_main.c(425,15): warning : conversion to ‘int’ from ‘ssize_t {aka long int}’ may alter its value [-Wconversion]
C:\Users\Harim\Desktop\19_NumberBaseBall\server_main.c(425,15): warning :      str_len = write(room->clnt_sock[1], msg, str_len);
C:\Users\Harim\Desktop\19_NumberBaseBall\server_main.c(425,15): warning :                ^~~~~
C:\Users\Harim\Desktop\19_NumberBaseBall\server_main.c(430,46): warning : conversion to ‘size_t {aka long unsigned int}’ from ‘int’ may change the sign of the result [-Wsign-conversion]
C:\Users\Harim\Desktop\19_NumberBaseBall\server_main.c(430,46): warning :      str_len = write(room->clnt_sock[0], msg, str_len);
C:\Users\Harim\Desktop\19_NumberBaseBall\server_main.c(430,46): warning :                                               ^~~~~~~
C:\Users\Harim\Desktop\19_NumberBaseBall\server_main.c(430,15): warning : conversion to ‘int’ from ‘ssize_t {aka long int}’ may alter its value [-Wconversion]
C:\Users\Harim\Desktop\19_NumberBaseBall\server_main.c(430,15): warning :      str_len = write(room->clnt_sock[0], msg, str_len);
C:\Users\Harim\Desktop\19_NumberBaseBall\server_main.c(430,15): warning :                ^~~~~
C:\Users\Harim\Desktop\19_NumberBaseBall\server_main.c(381,7): warning : unused variable ‘uid’ [-Wunused-variable]
C:\Users\Harim\Desktop\19_NumberBaseBall\server_main.c(381,7): warning :   char uid[USER_ID_SIZE];
C:\Users\Harim\Desktop\19_NumberBaseBall\server_main.c(381,7): warning :        ^~~
C:\Users\Harim\Desktop\19_NumberBaseBall\server_main.c(441,6): warning : unused variable ‘clnt_sock’ [-Wunused-variable]
C:\Users\Harim\Desktop\19_NumberBaseBall\server_main.c(441,6): warning :   int clnt_sock = user->sock;
C:\Users\Harim\Desktop\19_NumberBaseBall\server_main.c(441,6): warning :       ^~~~~~~~~
C:\Users\Harim\Desktop\19_NumberBaseBall\server_main.c(478,12): warning : conversion to ‘char’ from ‘ssize_t {aka long int}’ may alter its value [-Wconversion]
C:\Users\Harim\Desktop\19_NumberBaseBall\server_main.c(478,12): warning :   str_len = read(user->sock, name, sizeof(name) - 1);
C:\Users\Harim\Desktop\19_NumberBaseBall\server_main.c(478,12): warning :             ^~~~
C:\Users\Harim\Desktop\19_NumberBaseBall\server_main.c(503,12): warning : conversion to ‘int’ from ‘ssize_t {aka long int}’ may alter its value [-Wconversion]
C:\Users\Harim\Desktop\19_NumberBaseBall\server_main.c(503,12): warning :   str_len = read(user->sock, msg, sizeof(msg));
C:\Users\Harim\Desktop\19_NumberBaseBall\server_main.c(503,12): warning :             ^~~~
C:\Users\Harim\Desktop\19_NumberBaseBall\server_main.c(529,13): warning : conversion to ‘int’ from ‘ssize_t {aka long int}’ may alter its value [-Wconversion]
C:\Users\Harim\Desktop\19_NumberBaseBall\server_main.c(529,13): warning :    str_len = write(user->sock, "1", sizeof("1"));
C:\Users\Harim\Desktop\19_NumberBaseBall\server_main.c(529,13): warning :              ^~~~~
C:\Users\Harim\Desktop\19_NumberBaseBall\server_main.c(534,13): warning : conversion to ‘int’ from ‘ssize_t {aka long int}’ may alter its value [-Wconversion]
C:\Users\Harim\Desktop\19_NumberBaseBall\server_main.c(534,13): warning :    str_len = write(user->sock, "0", sizeof("0"));
C:\Users\Harim\Desktop\19_NumberBaseBall\server_main.c(534,13): warning :              ^~~~~
C:\Users\Harim\Desktop\19_NumberBaseBall\server_main.c(576,60): warning : conversion to ‘size_t {aka long unsigned int}’ from ‘int’ may change the sign of the result [-Wsign-conversion]
C:\Users\Harim\Desktop\19_NumberBaseBall\server_main.c(576,60): warning :    write(cRoomController.room_list[num]->clnt_sock[1], msg, len);
C:\Users\Harim\Desktop\19_NumberBaseBall\server_main.c(576,60): warning :                                                             ^~~
C:\Users\Harim\Desktop\19_NumberBaseBall\server_main.c(578,60): warning : conversion to ‘size_t {aka long unsigned int}’ from ‘int’ may change the sign of the result [-Wsign-conversion]
C:\Users\Harim\Desktop\19_NumberBaseBall\server_main.c(578,60): warning :    write(cRoomController.room_list[num]->clnt_sock[0], msg, len);
C:\Users\Harim\Desktop\19_NumberBaseBall\server_main.c(578,60): warning :                                                             ^~~
C:\Users\Harim\Desktop\19_NumberBaseBall\server_main.c(573,6): warning : unused variable ‘i’ [-Wunused-variable]
C:\Users\Harim\Desktop\19_NumberBaseBall\server_main.c(573,6): warning :   int i;
C:\Users\Harim\Desktop\19_NumberBaseBall\server_main.c(573,6): warning :       ^
C:\Users\Harim\Desktop\19_NumberBaseBall\server_main.c(669,9): warning : conversion to ‘long int’ from ‘long unsigned int’ may change the sign of the result [-Wsign-conversion]
C:\Users\Harim\Desktop\19_NumberBaseBall\server_main.c(669,9): warning :    val = (unsigned long)(-(long)val);
C:\Users\Harim\Desktop\19_NumberBaseBall\server_main.c(669,9): warning :          ^
  개체를 연결하는 중
C:\Users\Harim\Desktop\19_NumberBaseBall\obj\x64\Debug\server_main.o : error : In function `main':
C:\Users\Harim\Desktop\19_NumberBaseBall\server_main.c(124): error : undefined reference to `pthread_create'
C:\Users\Harim\Desktop\19_NumberBaseBall\server_main.c(125): error : undefined reference to `pthread_detach'
collect2 : error : ld returned 1 exit status
